<?xml version="1.0" encoding="UTF-8"?>
<!-- Generated by org.testng.reporters.JUnitReportReporter -->
<testsuite hostname="DESKTOP-RT6OC3H" name="web.HerokuappTests" tests="2" failures="0" timestamp="23 May 2020 22:43:51 GMT" time="43.447" errors="0">
  <testcase name="test_DynamicLoading" time="24.155" classname="web.HerokuappTests"/>
  <testcase name="test_FileUpload" time="19.292" classname="web.HerokuappTests"/>
</testsuite> <!-- web.HerokuappTests -->
