<?xml version="1.0" encoding="UTF-8"?>
<!-- Generated by org.testng.reporters.JUnitReportReporter -->
<testsuite hostname="DESKTOP-RT6OC3H" name="api.TestGetRandomCat" tests="1" failures="0" timestamp="23 May 2020 22:43:51 GMT" time="6.541" errors="0">
  <testcase name="test_GetRandomeCatFact" time="6.541" classname="api.TestGetRandomCat"/>
</testsuite> <!-- api.TestGetRandomCat -->
